#
# A fatal error has been detected by the Java Runtime Environment:
#
#  EXCEPTION_ACCESS_VIOLATION (0xc0000005) at pc=0x00007ffe75d3a5a8, pid=20868, tid=19036
#
# JRE version: OpenJDK Runtime Environment (16.0.1+9) (build 16.0.1+9-24)
# Java VM: OpenJDK 64-Bit Server VM (16.0.1+9-24, mixed mode, tiered, compressed oops, compressed class ptrs, g1 gc, windows-amd64)
# Problematic frame:
# V  [jvm.dll+0x23a5a8]
#
# No core dump will be written. Minidumps are not enabled by default on client versions of Windows
#
# If you would like to submit a bug report, please visit:
#   https://bugreport.java.com/bugreport/crash.jsp
#

---------------  S U M M A R Y ------------

Command Line: -XX:+ShowCodeDetailsInExceptionMessages -agentlib:jdwp=transport=dt_socket,suspend=y,address=localhost:13860 -javaagent:D:\dev\kosmo\01DevelopKits\eclipse-2021-06\configuration\org.eclipse.osgi\415\0\.cp\lib\javaagent-shaded.jar -Dfile.encoding=UTF-8 project1.PhoneBookVer06

Host: Intel(R) Core(TM) i5-10210U CPU @ 1.60GHz, 8 cores, 15G,  Windows 10 , 64 bit Build 19041 (10.0.19041.1202)
Time: Tue Oct 26 19:05:19 2021  Windows 10 , 64 bit Build 19041 (10.0.19041.1202) elapsed time: 117.890410 seconds (0d 0h 1m 57s)

---------------  T H R E A D  ---------------

Current thread (0x000001c8fd425f20):  VMThread "VM Thread" [stack: 0x0000007142500000,0x0000007142600000] [id=19036]

Stack: [0x0000007142500000,0x0000007142600000],  sp=0x00000071425fef48,  free space=1019k
Native frames: (J=compiled Java code, j=interpreted, Vv=VM code, C=native code)
V  [jvm.dll+0x23a5a8]


siginfo: EXCEPTION_ACCESS_VIOLATION (0xc0000005), reading address 0x000001c8ff0510c8


Register to memory mapping:

RIP=0x00007ffe75d3a5a8 jvm.dll
RAX=0x00000000000156e0 is an unknown value
RBX=0x00000071425ff1f0 points into unknown readable memory: 0x00007ffe764321f8 | f8 21 43 76 fe 7f 00 00
RCX=0x000001c8ff03b9e8 is pointing into metadata
RDX=0x0000000000000ab6 is an unknown value
RSP=0x00000071425fef48 points into unknown readable memory: 0x00007ffe75e2d0b3 | b3 d0 e2 75 fe 7f 00 00
RBP=0x0000000000000001 is an unknown value
RSI=0x0000000000000001 is an unknown value
RDI=0x000001c8ff03aaf8 is pointing into metadata
R8 =0x0 is NULL
R9 =0x000001c8ff03aaf8 is pointing into metadata
R10=0x0 is NULL
R11=0x0000000047000000 is an unknown value
R12=0x00007ffe75b00000 jvm.dll
R13=0x000001c8fe273c88 points into unknown readable memory: 0x0000001d00000000 | 00 00 00 00 1d 00 00 00
R14=0x000001c8ff03b610 is pointing into metadata
R15=0x0000000000000034 is an unknown value


Registers:
RAX=0x00000000000156e0, RBX=0x00000071425ff1f0, RCX=0x000001c8ff03b9e8, RDX=0x0000000000000ab6
RSP=0x00000071425fef48, RBP=0x0000000000000001, RSI=0x0000000000000001, RDI=0x000001c8ff03aaf8
R8 =0x0000000000000000, R9 =0x000001c8ff03aaf8, R10=0x0000000000000000, R11=0x0000000047000000
R12=0x00007ffe75b00000, R13=0x000001c8fe273c88, R14=0x000001c8ff03b610, R15=0x0000000000000034
RIP=0x00007ffe75d3a5a8, EFLAGS=0x0000000000010202

Top of Stack: (sp=0x00000071425fef48)
0x00000071425fef48:   00007ffe75e2d0b3 00000071425fefc0
0x00000071425fef58:   00007ffe75c2d03e 00000071425fefc0
0x00000071425fef68:   00007ffe75c252ae 000000002fffffff
0x00000071425fef78:   00000000000000b2 00000071425ff1f0
0x00000071425fef88:   00007ffe75e2ddc3 00004b8831ee9736
0x00000071425fef98:   00004b8831ee9706 000001c8ff03b610
0x00000071425fefa8:   00000000000000b2 00000071425ff1f0
0x00000071425fefb8:   00007ffe75e2f612 000001c8ff03b609
0x00000071425fefc8:   00000071425ff060 0000000000000001
0x00000071425fefd8:   00007ffe75e2cff0 0000000000000028
0x00000071425fefe8:   00000071425ff1f0 000000002fffffff
0x00000071425feff8:   00007ffe761e6134 0000000000000034
0x00000071425ff008:   000001c8ff03b610 000001c8fe273c88
0x00000071425ff018:   00007ffe75b00000 0000000000000034
0x00000071425ff028:   00000000000000b2 00000071425ff1f0
0x00000071425ff038:   00007ffe75e2fd1e 00000071425ff1f0 

Instructions: (pc=0x00007ffe75d3a5a8)
0x00007ffe75d3a4a8:   03 03 03 03 03 03 03 03 03 03 03 03 03 03 03 03
0x00007ffe75d3a4b8:   03 03 03 03 03 03 03 03 03 03 03 03 03 03 03 03
0x00007ffe75d3a4c8:   03 03 03 03 03 03 03 03 03 03 03 03 03 03 03 03
0x00007ffe75d3a4d8:   03 03 03 03 03 03 03 03 03 03 03 03 03 03 03 03
0x00007ffe75d3a4e8:   03 03 03 02 03 03 02 cc 48 89 5c 24 08 48 89 74
0x00007ffe75d3a4f8:   24 10 57 48 83 ec 20 48 63 da 41 0f b6 f0 48 8b
0x00007ffe75d3a508:   f9 85 d2 79 24 4c 8d 0d cc 92 69 00 ba b4 02 00
0x00007ffe75d3a518:   00 4c 8d 05 f8 92 69 00 48 8d 0d 61 92 69 00 e8
0x00007ffe75d3a528:   64 88 00 00 e8 0f de 42 00 40 84 f6 75 18 48 8b
0x00007ffe75d3a538:   4f 10 48 85 c9 74 0f 48 8d 43 01 48 c1 e0 05 48
0x00007ffe75d3a548:   8b 04 08 0f b7 d8 48 8b 74 24 38 48 63 c3 48 8b
0x00007ffe75d3a558:   5c 24 30 0f b7 44 c7 48 48 83 c4 20 5f c3 cc cc
0x00007ffe75d3a568:   cc cc cc cc cc cc cc cc 4c 8b c9 45 84 c0 75 41
0x00007ffe75d3a578:   48 8b 49 10 48 85 c9 74 38 85 d2 79 19 f7 d2 8b
0x00007ffe75d3a588:   c2 48 ff c0 48 c1 e0 05 48 8b 04 08 0f b7 c8 41
0x00007ffe75d3a598:   0f b7 44 c9 4a c3 48 63 c2 48 ff c0 48 c1 e0 05
0x00007ffe75d3a5a8:   48 8b 04 08 0f b7 d0 48 63 c2 41 0f b7 44 c1 4a
0x00007ffe75d3a5b8:   c3 49 8b 41 08 4c 63 c2 42 0f b6 44 00 04 8d 48
0x00007ffe75d3a5c8:   ef 80 f9 01 76 0e 3c 6a 74 0a 48 63 c2 41 0f b7
0x00007ffe75d3a5d8:   44 c1 4a c3 43 0f b7 44 c1 4a c3 cc cc cc cc cc
0x00007ffe75d3a5e8:   cc cc cc cc cc cc cc cc 40 53 48 83 ec 20 48 8b
0x00007ffe75d3a5f8:   d9 e8 72 ff ff ff 48 63 d0 0f b7 44 d3 48 48 8b
0x00007ffe75d3a608:   44 c3 48 48 83 c4 20 5b c3 cc cc cc cc cc cc cc
0x00007ffe75d3a618:   cc cc cc cc cc cc cc cc 40 53 48 83 ec 20 48 8b
0x00007ffe75d3a628:   d9 e8 42 ff ff ff 48 63 d0 0f b7 44 d3 4a 48 8b
0x00007ffe75d3a638:   44 c3 48 48 83 c4 20 5b c3 cc cc cc cc cc cc cc
0x00007ffe75d3a648:   cc cc cc cc cc cc cc cc 4c 8b d1 45 84 c9 75 28
0x00007ffe75d3a658:   4c 8b 49 10 4d 85 c9 74 1f 45 85 c0 79 08 41 f7
0x00007ffe75d3a668:   d0 41 8b c0 eb 03 49 63 c0 48 ff c0 48 c1 e0 05
0x00007ffe75d3a678:   4a 8b 04 08 44 0f b7 c0 49 8b 42 08 49 63 c8 0f
0x00007ffe75d3a688:   b6 4c 08 04 48 8b c2 88 0a c3 cc cc cc cc cc cc
0x00007ffe75d3a698:   cc cc cc cc cc cc cc cc 40 56 57 41 54 41 56 41 


Stack slot to memory mapping:
stack at sp + 0 slots: 0x00007ffe75e2d0b3 jvm.dll
stack at sp + 1 slots: 0x00000071425fefc0 points into unknown readable memory: 0x000001c8ff03b609 | 09 b6 03 ff c8 01 00 00
stack at sp + 2 slots: 0x00007ffe75c2d03e jvm.dll
stack at sp + 3 slots: 0x00000071425fefc0 points into unknown readable memory: 0x000001c8ff03b609 | 09 b6 03 ff c8 01 00 00
stack at sp + 4 slots: 0x00007ffe75c252ae jvm.dll
stack at sp + 5 slots: 0x000000002fffffff is an unknown value
stack at sp + 6 slots: 0x00000000000000b2 is an unknown value
stack at sp + 7 slots: 0x00000071425ff1f0 points into unknown readable memory: 0x00007ffe764321f8 | f8 21 43 76 fe 7f 00 00

VM_Operation (0x00000071430ff0c0): get/set locals, mode: safepoint, requested by thread 0x000001c8fe2e9a70


---------------  P R O C E S S  ---------------

Threads class SMR info:
_java_thread_list=0x000001c8fe7f3ff0, length=15, elements={
0x000001c8edaaa410, 0x000001c8fd42c350, 0x000001c8fe000080, 0x000001c8fe05a6d0,
0x000001c8fe0797b0, 0x000001c8fe07d110, 0x000001c8fe081010, 0x000001c8fe0834a0,
0x000001c8fe084a90, 0x000001c8fe092070, 0x000001c8fd3c8830, 0x000001c8fe2e9a70,
0x000001c8fe2f0320, 0x000001c8fe2f1a10, 0x000001c8fe7ff050
}

Java Threads: ( => current thread )
  0x000001c8edaaa410 JavaThread "main" [_thread_blocked, id=9348, stack(0x0000007141f00000,0x0000007142000000)]
  0x000001c8fd42c350 JavaThread "Reference Handler" daemon [_thread_blocked, id=6456, stack(0x0000007142600000,0x0000007142700000)]
  0x000001c8fe000080 JavaThread "Finalizer" daemon [_thread_blocked, id=20888, stack(0x0000007142700000,0x0000007142800000)]
  0x000001c8fe05a6d0 JavaThread "Signal Dispatcher" daemon [_thread_blocked, id=3088, stack(0x0000007142800000,0x0000007142900000)]
  0x000001c8fe0797b0 JavaThread "Attach Listener" daemon [_thread_blocked, id=16012, stack(0x0000007142900000,0x0000007142a00000)]
  0x000001c8fe07d110 JavaThread "Service Thread" daemon [_thread_blocked, id=13636, stack(0x0000007142a00000,0x0000007142b00000)]
  0x000001c8fe081010 JavaThread "Monitor Deflation Thread" daemon [_thread_blocked, id=1264, stack(0x0000007142b00000,0x0000007142c00000)]
  0x000001c8fe0834a0 JavaThread "C2 CompilerThread0" daemon [_thread_blocked, id=20248, stack(0x0000007142c00000,0x0000007142d00000)]
  0x000001c8fe084a90 JavaThread "C1 CompilerThread0" daemon [_thread_blocked, id=1508, stack(0x0000007142d00000,0x0000007142e00000)]
  0x000001c8fe092070 JavaThread "Sweeper thread" daemon [_thread_blocked, id=7040, stack(0x0000007142e00000,0x0000007142f00000)]
  0x000001c8fd3c8830 JavaThread "Common-Cleaner" daemon [_thread_blocked, id=11904, stack(0x0000007142f00000,0x0000007143000000)]
  0x000001c8fe2e9a70 JavaThread "JDWP Transport Listener: dt_socket" daemon [_thread_blocked, id=5612, stack(0x0000007143000000,0x0000007143100000)]
  0x000001c8fe2f0320 JavaThread "JDWP Event Helper Thread" daemon [_thread_blocked, id=11696, stack(0x0000007143100000,0x0000007143200000)]
  0x000001c8fe2f1a10 JavaThread "JDWP Command Reader" daemon [_thread_in_native, id=14020, stack(0x0000007143200000,0x0000007143300000)]
  0x000001c8fe7ff050 JavaThread "Notification Thread" daemon [_thread_blocked, id=13472, stack(0x0000007143300000,0x0000007143400000)]

Other Threads:
=>0x000001c8fd425f20 VMThread "VM Thread" [stack: 0x0000007142500000,0x0000007142600000] [id=19036]
  0x000001c8fe33b1e0 WatcherThread [stack: 0x0000007143400000,0x0000007143500000] [id=20020]
  0x000001c8edafe510 GCTaskThread "GC Thread#0" [stack: 0x0000007142000000,0x0000007142100000] [id=2128]
  0x000001c8edb10a90 ConcurrentGCThread "G1 Main Marker" [stack: 0x0000007142100000,0x0000007142200000] [id=17572]
  0x000001c8edb11500 ConcurrentGCThread "G1 Conc#0" [stack: 0x0000007142200000,0x0000007142300000] [id=3952]
  0x000001c8edb845a0 ConcurrentGCThread "G1 Refine#0" [stack: 0x0000007142300000,0x0000007142400000] [id=8380]
  0x000001c8fd2a3230 ConcurrentGCThread "G1 Service" [stack: 0x0000007142400000,0x0000007142500000] [id=18188]

Threads with active compile tasks:

VM state: at safepoint (normal execution)

VM Mutex/Monitor currently owned by a thread:  ([mutex/lock_event])
[0x000001c8edaa6570] Threads_lock - owner thread: 0x000001c8fd425f20

Heap address: 0x0000000702e00000, size: 4050 MB, Compressed Oops mode: Zero based, Oop shift amount: 3

CDS disabled.
Compressed class space mapped at: 0x0000000800000000-0x0000000840000000, reserved size: 1073741824
Narrow klass base: 0x0000000800000000, Narrow klass shift: 0, Narrow klass range: 0x40000000

GC Precious Log:
 CPUs: 8 total, 8 available
 Memory: 16193M
 Large Page Support: Disabled
 NUMA Support: Disabled
 Compressed Oops: Enabled (Zero based)
 Heap Region Size: 2M
 Heap Min Capacity: 8M
 Heap Initial Capacity: 254M
 Heap Max Capacity: 4050M
 Pre-touch: Disabled
 Parallel Workers: 8
 Concurrent Workers: 2
 Concurrent Refinement Workers: 8
 Periodic GC: Disabled

Heap:
 garbage-first heap   total 260096K, used 6144K [0x0000000702e00000, 0x0000000800000000)
  region size 2048K, 4 young (8192K), 0 survivors (0K)
 Metaspace       used 10157K, committed 10304K, reserved 1064960K
  class space    used 878K, committed 960K, reserved 1048576K

Heap Regions: E=young(eden), S=young(survivor), O=old, HS=humongous(starts), HC=humongous(continues), CS=collection set, F=free, OA=open archive, CA=closed archive, TAMS=top-at-mark-start (previous, next)
|   0|0x0000000702e00000, 0x0000000702e00000, 0x0000000703000000|  0%| F|  |TAMS 0x0000000702e00000, 0x0000000702e00000| Untracked 
|   1|0x0000000703000000, 0x0000000703000000, 0x0000000703200000|  0%| F|  |TAMS 0x0000000703000000, 0x0000000703000000| Untracked 
|   2|0x0000000703200000, 0x0000000703200000, 0x0000000703400000|  0%| F|  |TAMS 0x0000000703200000, 0x0000000703200000| Untracked 
|   3|0x0000000703400000, 0x0000000703400000, 0x0000000703600000|  0%| F|  |TAMS 0x0000000703400000, 0x0000000703400000| Untracked 
|   4|0x0000000703600000, 0x0000000703600000, 0x0000000703800000|  0%| F|  |TAMS 0x0000000703600000, 0x0000000703600000| Untracked 
|   5|0x0000000703800000, 0x0000000703800000, 0x0000000703a00000|  0%| F|  |TAMS 0x0000000703800000, 0x0000000703800000| Untracked 
|   6|0x0000000703a00000, 0x0000000703a00000, 0x0000000703c00000|  0%| F|  |TAMS 0x0000000703a00000, 0x0000000703a00000| Untracked 
|   7|0x0000000703c00000, 0x0000000703c00000, 0x0000000703e00000|  0%| F|  |TAMS 0x0000000703c00000, 0x0000000703c00000| Untracked 
|   8|0x0000000703e00000, 0x0000000703e00000, 0x0000000704000000|  0%| F|  |TAMS 0x0000000703e00000, 0x0000000703e00000| Untracked 
|   9|0x0000000704000000, 0x0000000704000000, 0x0000000704200000|  0%| F|  |TAMS 0x0000000704000000, 0x0000000704000000| Untracked 
|  10|0x0000000704200000, 0x0000000704200000, 0x0000000704400000|  0%| F|  |TAMS 0x0000000704200000, 0x0000000704200000| Untracked 
|  11|0x0000000704400000, 0x0000000704400000, 0x0000000704600000|  0%| F|  |TAMS 0x0000000704400000, 0x0000000704400000| Untracked 
|  12|0x0000000704600000, 0x0000000704600000, 0x0000000704800000|  0%| F|  |TAMS 0x0000000704600000, 0x0000000704600000| Untracked 
|  13|0x0000000704800000, 0x0000000704800000, 0x0000000704a00000|  0%| F|  |TAMS 0x0000000704800000, 0x0000000704800000| Untracked 
|  14|0x0000000704a00000, 0x0000000704a00000, 0x0000000704c00000|  0%| F|  |TAMS 0x0000000704a00000, 0x0000000704a00000| Untracked 
|  15|0x0000000704c00000, 0x0000000704c00000, 0x0000000704e00000|  0%| F|  |TAMS 0x0000000704c00000, 0x0000000704c00000| Untracked 
|  16|0x0000000704e00000, 0x0000000704e00000, 0x0000000705000000|  0%| F|  |TAMS 0x0000000704e00000, 0x0000000704e00000| Untracked 
|  17|0x0000000705000000, 0x0000000705000000, 0x0000000705200000|  0%| F|  |TAMS 0x0000000705000000, 0x0000000705000000| Untracked 
|  18|0x0000000705200000, 0x0000000705200000, 0x0000000705400000|  0%| F|  |TAMS 0x0000000705200000, 0x0000000705200000| Untracked 
|  19|0x0000000705400000, 0x0000000705400000, 0x0000000705600000|  0%| F|  |TAMS 0x0000000705400000, 0x0000000705400000| Untracked 
|  20|0x0000000705600000, 0x0000000705600000, 0x0000000705800000|  0%| F|  |TAMS 0x0000000705600000, 0x0000000705600000| Untracked 
|  21|0x0000000705800000, 0x0000000705800000, 0x0000000705a00000|  0%| F|  |TAMS 0x0000000705800000, 0x0000000705800000| Untracked 
|  22|0x0000000705a00000, 0x0000000705a00000, 0x0000000705c00000|  0%| F|  |TAMS 0x0000000705a00000, 0x0000000705a00000| Untracked 
|  23|0x0000000705c00000, 0x0000000705c00000, 0x0000000705e00000|  0%| F|  |TAMS 0x0000000705c00000, 0x0000000705c00000| Untracked 
|  24|0x0000000705e00000, 0x0000000705e00000, 0x0000000706000000|  0%| F|  |TAMS 0x0000000705e00000, 0x0000000705e00000| Untracked 
|  25|0x0000000706000000, 0x0000000706000000, 0x0000000706200000|  0%| F|  |TAMS 0x0000000706000000, 0x0000000706000000| Untracked 
|  26|0x0000000706200000, 0x0000000706200000, 0x0000000706400000|  0%| F|  |TAMS 0x0000000706200000, 0x0000000706200000| Untracked 
|  27|0x0000000706400000, 0x0000000706400000, 0x0000000706600000|  0%| F|  |TAMS 0x0000000706400000, 0x0000000706400000| Untracked 
|  28|0x0000000706600000, 0x0000000706600000, 0x0000000706800000|  0%| F|  |TAMS 0x0000000706600000, 0x0000000706600000| Untracked 
|  29|0x0000000706800000, 0x0000000706800000, 0x0000000706a00000|  0%| F|  |TAMS 0x0000000706800000, 0x0000000706800000| Untracked 
|  30|0x0000000706a00000, 0x0000000706a00000, 0x0000000706c00000|  0%| F|  |TAMS 0x0000000706a00000, 0x0000000706a00000| Untracked 
|  31|0x0000000706c00000, 0x0000000706c00000, 0x0000000706e00000|  0%| F|  |TAMS 0x0000000706c00000, 0x0000000706c00000| Untracked 
|  32|0x0000000706e00000, 0x0000000706e00000, 0x0000000707000000|  0%| F|  |TAMS 0x0000000706e00000, 0x0000000706e00000| Untracked 
|  33|0x0000000707000000, 0x0000000707000000, 0x0000000707200000|  0%| F|  |TAMS 0x0000000707000000, 0x0000000707000000| Untracked 
|  34|0x0000000707200000, 0x0000000707200000, 0x0000000707400000|  0%| F|  |TAMS 0x0000000707200000, 0x0000000707200000| Untracked 
|  35|0x0000000707400000, 0x0000000707400000, 0x0000000707600000|  0%| F|  |TAMS 0x0000000707400000, 0x0000000707400000| Untracked 
|  36|0x0000000707600000, 0x0000000707600000, 0x0000000707800000|  0%| F|  |TAMS 0x0000000707600000, 0x0000000707600000| Untracked 
|  37|0x0000000707800000, 0x0000000707800000, 0x0000000707a00000|  0%| F|  |TAMS 0x0000000707800000, 0x0000000707800000| Untracked 
|  38|0x0000000707a00000, 0x0000000707a00000, 0x0000000707c00000|  0%| F|  |TAMS 0x0000000707a00000, 0x0000000707a00000| Untracked 
|  39|0x0000000707c00000, 0x0000000707c00000, 0x0000000707e00000|  0%| F|  |TAMS 0x0000000707c00000, 0x0000000707c00000| Untracked 
|  40|0x0000000707e00000, 0x0000000707e00000, 0x0000000708000000|  0%| F|  |TAMS 0x0000000707e00000, 0x0000000707e00000| Untracked 
|  41|0x0000000708000000, 0x0000000708000000, 0x0000000708200000|  0%| F|  |TAMS 0x0000000708000000, 0x0000000708000000| Untracked 
|  42|0x0000000708200000, 0x0000000708200000, 0x0000000708400000|  0%| F|  |TAMS 0x0000000708200000, 0x0000000708200000| Untracked 
|  43|0x0000000708400000, 0x0000000708400000, 0x0000000708600000|  0%| F|  |TAMS 0x0000000708400000, 0x0000000708400000| Untracked 
|  44|0x0000000708600000, 0x0000000708600000, 0x0000000708800000|  0%| F|  |TAMS 0x0000000708600000, 0x0000000708600000| Untracked 
|  45|0x0000000708800000, 0x0000000708800000, 0x0000000708a00000|  0%| F|  |TAMS 0x0000000708800000, 0x0000000708800000| Untracked 
|  46|0x0000000708a00000, 0x0000000708a00000, 0x0000000708c00000|  0%| F|  |TAMS 0x0000000708a00000, 0x0000000708a00000| Untracked 
|  47|0x0000000708c00000, 0x0000000708c00000, 0x0000000708e00000|  0%| F|  |TAMS 0x0000000708c00000, 0x0000000708c00000| Untracked 
|  48|0x0000000708e00000, 0x0000000708e00000, 0x0000000709000000|  0%| F|  |TAMS 0x0000000708e00000, 0x0000000708e00000| Untracked 
|  49|0x0000000709000000, 0x0000000709000000, 0x0000000709200000|  0%| F|  |TAMS 0x0000000709000000, 0x0000000709000000| Untracked 
|  50|0x0000000709200000, 0x0000000709200000, 0x0000000709400000|  0%| F|  |TAMS 0x0000000709200000, 0x0000000709200000| Untracked 
|  51|0x0000000709400000, 0x0000000709400000, 0x0000000709600000|  0%| F|  |TAMS 0x0000000709400000, 0x0000000709400000| Untracked 
|  52|0x0000000709600000, 0x0000000709600000, 0x0000000709800000|  0%| F|  |TAMS 0x0000000709600000, 0x0000000709600000| Untracked 
|  53|0x0000000709800000, 0x0000000709800000, 0x0000000709a00000|  0%| F|  |TAMS 0x0000000709800000, 0x0000000709800000| Untracked 
|  54|0x0000000709a00000, 0x0000000709a00000, 0x0000000709c00000|  0%| F|  |TAMS 0x0000000709a00000, 0x0000000709a00000| Untracked 
|  55|0x0000000709c00000, 0x0000000709c00000, 0x0000000709e00000|  0%| F|  |TAMS 0x0000000709c00000, 0x0000000709c00000| Untracked 
|  56|0x0000000709e00000, 0x0000000709e00000, 0x000000070a000000|  0%| F|  |TAMS 0x0000000709e00000, 0x0000000709e00000| Untracked 
|  57|0x000000070a000000, 0x000000070a000000, 0x000000070a200000|  0%| F|  |TAMS 0x000000070a000000, 0x000000070a000000| Untracked 
|  58|0x000000070a200000, 0x000000070a200000, 0x000000070a400000|  0%| F|  |TAMS 0x000000070a200000, 0x000000070a200000| Untracked 
|  59|0x000000070a400000, 0x000000070a400000, 0x000000070a600000|  0%| F|  |TAMS 0x000000070a400000, 0x000000070a400000| Untracked 
|  60|0x000000070a600000, 0x000000070a600000, 0x000000070a800000|  0%| F|  |TAMS 0x000000070a600000, 0x000000070a600000| Untracked 
|  61|0x000000070a800000, 0x000000070a800000, 0x000000070aa00000|  0%| F|  |TAMS 0x000000070a800000, 0x000000070a800000| Untracked 
|  62|0x000000070aa00000, 0x000000070aa00000, 0x000000070ac00000|  0%| F|  |TAMS 0x000000070aa00000, 0x000000070aa00000| Untracked 
|  63|0x000000070ac00000, 0x000000070ac00000, 0x000000070ae00000|  0%| F|  |TAMS 0x000000070ac00000, 0x000000070ac00000| Untracked 
|  64|0x000000070ae00000, 0x000000070ae00000, 0x000000070b000000|  0%| F|  |TAMS 0x000000070ae00000, 0x000000070ae00000| Untracked 
|  65|0x000000070b000000, 0x000000070b000000, 0x000000070b200000|  0%| F|  |TAMS 0x000000070b000000, 0x000000070b000000| Untracked 
|  66|0x000000070b200000, 0x000000070b200000, 0x000000070b400000|  0%| F|  |TAMS 0x000000070b200000, 0x000000070b200000| Untracked 
|  67|0x000000070b400000, 0x000000070b400000, 0x000000070b600000|  0%| F|  |TAMS 0x000000070b400000, 0x000000070b400000| Untracked 
|  68|0x000000070b600000, 0x000000070b600000, 0x000000070b800000|  0%| F|  |TAMS 0x000000070b600000, 0x000000070b600000| Untracked 
|  69|0x000000070b800000, 0x000000070b800000, 0x000000070ba00000|  0%| F|  |TAMS 0x000000070b800000, 0x000000070b800000| Untracked 
|  70|0x000000070ba00000, 0x000000070ba00000, 0x000000070bc00000|  0%| F|  |TAMS 0x000000070ba00000, 0x000000070ba00000| Untracked 
|  71|0x000000070bc00000, 0x000000070bc00000, 0x000000070be00000|  0%| F|  |TAMS 0x000000070bc00000, 0x000000070bc00000| Untracked 
|  72|0x000000070be00000, 0x000000070be00000, 0x000000070c000000|  0%| F|  |TAMS 0x000000070be00000, 0x000000070be00000| Untracked 
|  73|0x000000070c000000, 0x000000070c000000, 0x000000070c200000|  0%| F|  |TAMS 0x000000070c000000, 0x000000070c000000| Untracked 
|  74|0x000000070c200000, 0x000000070c200000, 0x000000070c400000|  0%| F|  |TAMS 0x000000070c200000, 0x000000070c200000| Untracked 
|  75|0x000000070c400000, 0x000000070c400000, 0x000000070c600000|  0%| F|  |TAMS 0x000000070c400000, 0x000000070c400000| Untracked 
|  76|0x000000070c600000, 0x000000070c600000, 0x000000070c800000|  0%| F|  |TAMS 0x000000070c600000, 0x000000070c600000| Untracked 
|  77|0x000000070c800000, 0x000000070c800000, 0x000000070ca00000|  0%| F|  |TAMS 0x000000070c800000, 0x000000070c800000| Untracked 
|  78|0x000000070ca00000, 0x000000070ca00000, 0x000000070cc00000|  0%| F|  |TAMS 0x000000070ca00000, 0x000000070ca00000| Untracked 
|  79|0x000000070cc00000, 0x000000070cc00000, 0x000000070ce00000|  0%| F|  |TAMS 0x000000070cc00000, 0x000000070cc00000| Untracked 
|  80|0x000000070ce00000, 0x000000070ce00000, 0x000000070d000000|  0%| F|  |TAMS 0x000000070ce00000, 0x000000070ce00000| Untracked 
|  81|0x000000070d000000, 0x000000070d000000, 0x000000070d200000|  0%| F|  |TAMS 0x000000070d000000, 0x000000070d000000| Untracked 
|  82|0x000000070d200000, 0x000000070d200000, 0x000000070d400000|  0%| F|  |TAMS 0x000000070d200000, 0x000000070d200000| Untracked 
|  83|0x000000070d400000, 0x000000070d400000, 0x000000070d600000|  0%| F|  |TAMS 0x000000070d400000, 0x000000070d400000| Untracked 
|  84|0x000000070d600000, 0x000000070d600000, 0x000000070d800000|  0%| F|  |TAMS 0x000000070d600000, 0x000000070d600000| Untracked 
|  85|0x000000070d800000, 0x000000070d800000, 0x000000070da00000|  0%| F|  |TAMS 0x000000070d800000, 0x000000070d800000| Untracked 
|  86|0x000000070da00000, 0x000000070da00000, 0x000000070dc00000|  0%| F|  |TAMS 0x000000070da00000, 0x000000070da00000| Untracked 
|  87|0x000000070dc00000, 0x000000070dc00000, 0x000000070de00000|  0%| F|  |TAMS 0x000000070dc00000, 0x000000070dc00000| Untracked 
|  88|0x000000070de00000, 0x000000070de00000, 0x000000070e000000|  0%| F|  |TAMS 0x000000070de00000, 0x000000070de00000| Untracked 
|  89|0x000000070e000000, 0x000000070e000000, 0x000000070e200000|  0%| F|  |TAMS 0x000000070e000000, 0x000000070e000000| Untracked 
|  90|0x000000070e200000, 0x000000070e200000, 0x000000070e400000|  0%| F|  |TAMS 0x000000070e200000, 0x000000070e200000| Untracked 
|  91|0x000000070e400000, 0x000000070e400000, 0x000000070e600000|  0%| F|  |TAMS 0x000000070e400000, 0x000000070e400000| Untracked 
|  92|0x000000070e600000, 0x000000070e600000, 0x000000070e800000|  0%| F|  |TAMS 0x000000070e600000, 0x000000070e600000| Untracked 
|  93|0x000000070e800000, 0x000000070e800000, 0x000000070ea00000|  0%| F|  |TAMS 0x000000070e800000, 0x000000070e800000| Untracked 
|  94|0x000000070ea00000, 0x000000070ea00000, 0x000000070ec00000|  0%| F|  |TAMS 0x000000070ea00000, 0x000000070ea00000| Untracked 
|  95|0x000000070ec00000, 0x000000070ec00000, 0x000000070ee00000|  0%| F|  |TAMS 0x000000070ec00000, 0x000000070ec00000| Untracked 
|  96|0x000000070ee00000, 0x000000070ee00000, 0x000000070f000000|  0%| F|  |TAMS 0x000000070ee00000, 0x000000070ee00000| Untracked 
|  97|0x000000070f000000, 0x000000070f000000, 0x000000070f200000|  0%| F|  |TAMS 0x000000070f000000, 0x000000070f000000| Untracked 
|  98|0x000000070f200000, 0x000000070f200000, 0x000000070f400000|  0%| F|  |TAMS 0x000000070f200000, 0x000000070f200000| Untracked 
|  99|0x000000070f400000, 0x000000070f400000, 0x000000070f600000|  0%| F|  |TAMS 0x000000070f400000, 0x000000070f400000| Untracked 
| 100|0x000000070f600000, 0x000000070f600000, 0x000000070f800000|  0%| F|  |TAMS 0x000000070f600000, 0x000000070f600000| Untracked 
| 101|0x000000070f800000, 0x000000070f800000, 0x000000070fa00000|  0%| F|  |TAMS 0x000000070f800000, 0x000000070f800000| Untracked 
| 102|0x000000070fa00000, 0x000000070fa00000, 0x000000070fc00000|  0%| F|  |TAMS 0x000000070fa00000, 0x000000070fa00000| Untracked 
| 103|0x000000070fc00000, 0x000000070fc00000, 0x000000070fe00000|  0%| F|  |TAMS 0x000000070fc00000, 0x000000070fc00000| Untracked 
| 104|0x000000070fe00000, 0x000000070fe00000, 0x0000000710000000|  0%| F|  |TAMS 0x000000070fe00000, 0x000000070fe00000| Untracked 
| 105|0x0000000710000000, 0x0000000710000000, 0x0000000710200000|  0%| F|  |TAMS 0x0000000710000000, 0x0000000710000000| Untracked 
| 106|0x0000000710200000, 0x0000000710200000, 0x0000000710400000|  0%| F|  |TAMS 0x0000000710200000, 0x0000000710200000| Untracked 
| 107|0x0000000710400000, 0x0000000710400000, 0x0000000710600000|  0%| F|  |TAMS 0x0000000710400000, 0x0000000710400000| Untracked 
| 108|0x0000000710600000, 0x0000000710600000, 0x0000000710800000|  0%| F|  |TAMS 0x0000000710600000, 0x0000000710600000| Untracked 
| 109|0x0000000710800000, 0x0000000710800000, 0x0000000710a00000|  0%| F|  |TAMS 0x0000000710800000, 0x0000000710800000| Untracked 
| 110|0x0000000710a00000, 0x0000000710a00000, 0x0000000710c00000|  0%| F|  |TAMS 0x0000000710a00000, 0x0000000710a00000| Untracked 
| 111|0x0000000710c00000, 0x0000000710c00000, 0x0000000710e00000|  0%| F|  |TAMS 0x0000000710c00000, 0x0000000710c00000| Untracked 
| 112|0x0000000710e00000, 0x0000000710e00000, 0x0000000711000000|  0%| F|  |TAMS 0x0000000710e00000, 0x0000000710e00000| Untracked 
| 113|0x0000000711000000, 0x0000000711000000, 0x0000000711200000|  0%| F|  |TAMS 0x0000000711000000, 0x0000000711000000| Untracked 
| 114|0x0000000711200000, 0x0000000711200000, 0x0000000711400000|  0%| F|  |TAMS 0x0000000711200000, 0x0000000711200000| Untracked 
| 115|0x0000000711400000, 0x0000000711400000, 0x0000000711600000|  0%| F|  |TAMS 0x0000000711400000, 0x0000000711400000| Untracked 
| 116|0x0000000711600000, 0x0000000711600000, 0x0000000711800000|  0%| F|  |TAMS 0x0000000711600000, 0x0000000711600000| Untracked 
| 117|0x0000000711800000, 0x0000000711800000, 0x0000000711a00000|  0%| F|  |TAMS 0x0000000711800000, 0x0000000711800000| Untracked 
| 118|0x0000000711a00000, 0x0000000711a00000, 0x0000000711c00000|  0%| F|  |TAMS 0x0000000711a00000, 0x0000000711a00000| Untracked 
| 119|0x0000000711c00000, 0x0000000711c00000, 0x0000000711e00000|  0%| F|  |TAMS 0x0000000711c00000, 0x0000000711c00000| Untracked 
| 120|0x0000000711e00000, 0x0000000711e00000, 0x0000000712000000|  0%| F|  |TAMS 0x0000000711e00000, 0x0000000711e00000| Untracked 
| 121|0x0000000712000000, 0x0000000712000000, 0x0000000712200000|  0%| F|  |TAMS 0x0000000712000000, 0x0000000712000000| Untracked 
| 122|0x0000000712200000, 0x0000000712200000, 0x0000000712400000|  0%| F|  |TAMS 0x0000000712200000, 0x0000000712200000| Untracked 
| 123|0x0000000712400000, 0x000000071255ba78, 0x0000000712600000| 67%| E|  |TAMS 0x0000000712400000, 0x0000000712400000| Complete 
| 124|0x0000000712600000, 0x0000000712800000, 0x0000000712800000|100%| E|CS|TAMS 0x0000000712600000, 0x0000000712600000| Complete 
| 125|0x0000000712800000, 0x0000000712a00000, 0x0000000712a00000|100%| E|CS|TAMS 0x0000000712800000, 0x0000000712800000| Complete 
| 126|0x0000000712a00000, 0x0000000712c00000, 0x0000000712c00000|100%| E|CS|TAMS 0x0000000712a00000, 0x0000000712a00000| Complete 

Card table byte_map: [0x000001c8f1b40000,0x000001c8f2330000] _byte_map_base: 0x000001c8ee329000

Marking Bits (Prev, Next): (CMBitMap*) 0x000001c8edafec00, (CMBitMap*) 0x000001c8edafec40
 Prev Bits: [0x000001c8f2b20000, 0x000001c8f6a68000)
 Next Bits: [0x000001c8f6a70000, 0x000001c8fa9b8000)

Polling page: 0x000001c8ed290000

Metaspace:

Usage:
  Non-class:      9.06 MB used.
      Class:    878.16 KB used.
       Both:      9.92 MB used.

Virtual space:
  Non-class space:       16.00 MB reserved,       9.12 MB ( 57%) committed,  2 nodes.
      Class space:        1.00 GB reserved,     960.00 KB ( <1%) committed,  1 nodes.
              Both:        1.02 GB reserved,      10.06 MB ( <1%) committed. 

Chunk freelists:
   Non-Class:  2.72 MB
       Class:  3.10 MB
        Both:  5.82 MB

MaxMetaspaceSize: 17179869184.00 GB
CompressedClassSpaceSize: 1.00 GB
 - commit_granule_bytes: 65536.
 - commit_granule_words: 8192.
 - virtual_space_node_default_size: 1048576.
 - enlarge_chunks_in_place: 1.
 - new_chunks_are_fully_committed: 0.
 - uncommit_free_chunks: 1.
 - use_allocation_guard: 0.
 - handle_deallocations: 1.


Internal statistics:

num_allocs_failed_limit: 0.
num_arena_births: 12.
num_arena_deaths: 0.
num_vsnodes_births: 3.
num_vsnodes_deaths: 0.
num_space_committed: 161.
num_space_uncommitted: 0.
num_chunks_returned_to_freelist: 0.
num_chunks_taken_from_freelist: 57.
num_chunk_merges: 0.
num_chunk_splits: 21.
num_chunks_enlarged: 14.
num_purges: 0.

CodeHeap 'non-profiled nmethods': size=120000Kb used=149Kb max_used=149Kb free=119850Kb
 bounds [0x000001c887ad0000, 0x000001c887d40000, 0x000001c88f000000]
CodeHeap 'profiled nmethods': size=120000Kb used=640Kb max_used=640Kb free=119359Kb
 bounds [0x000001c8805a0000, 0x000001c880810000, 0x000001c887ad0000]
CodeHeap 'non-nmethods': size=5760Kb used=1211Kb max_used=1231Kb free=4548Kb
 bounds [0x000001c880000000, 0x000001c880270000, 0x000001c8805a0000]
 total_blobs=884 nmethods=465 adapters=332
 compilation: enabled
              stopped_count=0, restarted_count=0
 full_count=0

Compilation events (20 events):
Event: 32.417 Thread 0x000001c8fe084a90  460       3       java.util.regex.Pattern::next (33 bytes)
Event: 32.417 Thread 0x000001c8fe084a90 nmethod 460 0x000001c88063ee10 code [0x000001c88063efc0, 0x000001c88063f248]
Event: 32.417 Thread 0x000001c8fe084a90  461       3       java.util.regex.ASCII::toLower (16 bytes)
Event: 32.417 Thread 0x000001c8fe084a90 nmethod 461 0x000001c88063f390 code [0x000001c88063f540, 0x000001c88063f738]
Event: 32.417 Thread 0x000001c8fe084a90  459       1       sun.instrument.TransformerManager::getSnapshotTransformerList (5 bytes)
Event: 32.417 Thread 0x000001c8fe084a90 nmethod 459 0x000001c887af3790 code [0x000001c887af3920, 0x000001c887af39f8]
Event: 32.417 Thread 0x000001c8fe084a90  462       3       java.lang.Character::isWhitespace (9 bytes)
Event: 32.417 Thread 0x000001c8fe084a90 nmethod 462 0x000001c88063f810 code [0x000001c88063f9c0, 0x000001c88063fbb8]
Event: 32.417 Thread 0x000001c8fe084a90  463       1       sun.instrument.TransformerManager$TransformerInfo::transformer (5 bytes)
Event: 32.417 Thread 0x000001c8fe084a90 nmethod 463 0x000001c887af3a90 code [0x000001c887af3c20, 0x000001c887af3cf8]
Event: 63.389 Thread 0x000001c8fe084a90  464       3       org.eclipse.jdt.launching.internal.org.objectweb.asm.SymbolTable::addConstantUtf8Reference (20 bytes)
Event: 63.391 Thread 0x000001c8fe084a90 

Event: 63.391 Thread 0x000001c8fe084a90  465       3       org.eclipse.jdt.launching.internal.org.objectweb.asm.ByteVector::putShort (52 bytes)
Event: 63.391 Thread 0x000001c8fe084a90 nmethod 465 0x000001c88063fc90 code [0x000001c88063fe40, 0x000001c880640068]
Event: 93.039 Thread 0x000001c8fe0834a0  466       4       org.eclipse.jdt.launching.internal.org.objectweb.asm.ClassReader::getItem (7 bytes)
Event: 93.042 Thread 0x000001c8fe0834a0 

Event: 107.687 Thread 0x000001c8fe0834a0  467       4       java.lang.StringUTF16::compress (50 bytes)
Event: 107.694 Thread 0x000001c8fe0834a0 

Event: 107.694 Thread 0x000001c8fe0834a0  468       4       org.eclipse.jdt.launching.internal.org.objectweb.asm.ClassReader::readUtf (161 bytes)
Event: 107.708 Thread 0x000001c8fe0834a0 nmethod 468 0x000001c887af3d90 code [0x000001c887af3f60, 0x000001c887af4e88]

GC Heap History (0 events):
No events

Deoptimization events (20 events):
Event: 0.382 Thread 0x000001c8edaaa410 DEOPT PACKING pc=0x000001c880613de7 sp=0x0000007141ffb840
Event: 0.382 Thread 0x000001c8edaaa410 DEOPT UNPACKING pc=0x000001c88004dece sp=0x0000007141ffaca8 mode 0
Event: 0.384 Thread 0x000001c8edaaa410 DEOPT PACKING pc=0x000001c880613de7 sp=0x0000007141ff7d90
Event: 0.384 Thread 0x000001c8edaaa410 DEOPT UNPACKING pc=0x000001c88004dece sp=0x0000007141ff71f8 mode 0
Event: 0.386 Thread 0x000001c8edaaa410 DEOPT PACKING pc=0x000001c880613de7 sp=0x0000007141ffb770
Event: 0.386 Thread 0x000001c8edaaa410 DEOPT UNPACKING pc=0x000001c88004dece sp=0x0000007141ffabd8 mode 0
Event: 0.387 Thread 0x000001c8edaaa410 Uncommon trap: trap_request=0xffffff45 fr.pc=0x000001c887ad8670 relative=0x0000000000000250
Event: 0.387 Thread 0x000001c8edaaa410 Uncommon trap: reason=unstable_if action=reinterpret pc=0x000001c887ad8670 method=java.lang.String.isLatin1()Z @ 10 c2
Event: 0.387 Thread 0x000001c8edaaa410 DEOPT PACKING pc=0x000001c887ad8670 sp=0x0000007141ffc7d0
Event: 0.387 Thread 0x000001c8edaaa410 DEOPT UNPACKING pc=0x000001c88004d72e sp=0x0000007141ffc708 mode 2
Event: 0.393 Thread 0x000001c8edaaa410 DEOPT PACKING pc=0x000001c880613de7 sp=0x0000007141ff7a00
Event: 0.393 Thread 0x000001c8edaaa410 DEOPT UNPACKING pc=0x000001c88004dece sp=0x0000007141ff6e68 mode 0
Event: 0.393 Thread 0x000001c8edaaa410 DEOPT PACKING pc=0x000001c880613de7 sp=0x0000007141ff7a00
Event: 0.393 Thread 0x000001c8edaaa410 DEOPT UNPACKING pc=0x000001c88004dece sp=0x0000007141ff6e68 mode 0
Event: 0.393 Thread 0x000001c8edaaa410 DEOPT PACKING pc=0x000001c880613de7 sp=0x0000007141ff7a00
Event: 0.393 Thread 0x000001c8edaaa410 DEOPT UNPACKING pc=0x000001c88004dece sp=0x0000007141ff6e68 mode 0
Event: 0.437 Thread 0x000001c8edaaa410 Uncommon trap: trap_request=0xffffff45 fr.pc=0x000001c887ae31e8 relative=0x0000000000000048
Event: 0.437 Thread 0x000001c8edaaa410 Uncommon trap: reason=unstable_if action=reinterpret pc=0x000001c887ae31e8 method=java.lang.CharacterData.of(I)Ljava/lang/CharacterData; @ 4 c2
Event: 0.437 Thread 0x000001c8edaaa410 DEOPT PACKING pc=0x000001c887ae31e8 sp=0x0000007141ffe610
Event: 0.437 Thread 0x000001c8edaaa410 DEOPT UNPACKING pc=0x000001c88004d72e sp=0x0000007141ffe5b0 mode 2

Classes unloaded (0 events):
No events

Classes redefined (3 events):
Event: 63.390 Thread 0x000001c8fd425f20 redefined class name=project1.PhoneBookVer06, count=1
Event: 93.040 Thread 0x000001c8fd425f20 redefined class name=project1.PhoneBookVer06, count=2
Event: 107.688 Thread 0x000001c8fd425f20 redefined class name=project1.PhoneBookVer06, count=3

Internal exceptions (1 events):
Event: 0.359 Thread 0x000001c8edaaa410 Exception <a 'java/lang/NoSuchMethodError'{0x00000007126d7040}: 'java.lang.Object java.lang.invoke.DirectMethodHandle$Holder.invokeStatic(java.lang.Object)'> (0x00000007126d7040) 
thrown [t:\workspace\open\src\hotspot\share\interpreter\linkResolver.cpp, line 790]

Events (20 events):
Event: 63.395 Executing  VM operation: ChangeBreakpoints done
Event: 63.399 Executing  VM operation: ChangeBreakpoints
Event: 63.400 Executing  VM operation: ChangeBreakpoints done
Event: 63.403 Executing  VM operation: ChangeBreakpoints
Event: 63.404 Executing  VM operation: ChangeBreakpoints done
Event: 93.025 Executing  VM operation: ChangeBreakpoints
Event: 93.025 Executing  VM operation: ChangeBreakpoints done
Event: 93.039 Executing  VM operation: RedefineClasses
Event: 93.042 Executing  VM operation: RedefineClasses done
Event: 93.047 Executing  VM operation: ChangeBreakpoints
Event: 93.047 Executing  VM operation: ChangeBreakpoints done
Event: 93.052 Executing  VM operation: ChangeBreakpoints
Event: 93.052 Executing  VM operation: ChangeBreakpoints done
Event: 107.687 Executing  VM operation: RedefineClasses
Event: 107.689 Executing  VM operation: RedefineClasses done
Event: 107.694 Executing  VM operation: ChangeBreakpoints
Event: 107.694 Executing  VM operation: ChangeBreakpoints done
Event: 107.698 Executing  VM operation: ChangeBreakpoints
Event: 107.698 Executing  VM operation: ChangeBreakpoints done
Event: 117.869 Executing  VM operation: get/set locals


Dynamic libraries:
0x00007ff7f22d0000 - 0x00007ff7f22de000 	D:\dev\kosmo\01DevelopKits\eclipse-2021-06\plugins\org.eclipse.justj.openjdk.hotspot.jre.full.win32.x86_64_16.0.1.v20210528-1205\jre\bin\javaw.exe
0x00007ffee8c50000 - 0x00007ffee8e45000 	C:\WINDOWS\SYSTEM32\ntdll.dll
0x00007ffee7b40000 - 0x00007ffee7bfe000 	C:\WINDOWS\System32\KERNEL32.DLL
0x00007ffee6370000 - 0x00007ffee6639000 	C:\WINDOWS\System32\KERNELBASE.dll
0x00007ffee6670000 - 0x00007ffee6770000 	C:\WINDOWS\System32\ucrtbase.dll
0x00007ffedf490000 - 0x00007ffedf4a8000 	D:\dev\kosmo\01DevelopKits\eclipse-2021-06\plugins\org.eclipse.justj.openjdk.hotspot.jre.full.win32.x86_64_16.0.1.v20210528-1205\jre\bin\jli.dll
0x00007ffedf4e0000 - 0x00007ffedf4f9000 	D:\dev\kosmo\01DevelopKits\eclipse-2021-06\plugins\org.eclipse.justj.openjdk.hotspot.jre.full.win32.x86_64_16.0.1.v20210528-1205\jre\bin\VCRUNTIME140.dll
0x00007ffee8a60000 - 0x00007ffee8c01000 	C:\WINDOWS\System32\USER32.dll
0x00007ffecd620000 - 0x00007ffecd8ba000 	C:\WINDOWS\WinSxS\amd64_microsoft.windows.common-controls_6595b64144ccf1df_6.0.19041.1110_none_60b5254171f9507e\COMCTL32.dll
0x00007ffee68d0000 - 0x00007ffee68f2000 	C:\WINDOWS\System32\win32u.dll
0x00007ffee86f0000 - 0x00007ffee878e000 	C:\WINDOWS\System32\msvcrt.dll
0x00007ffee7070000 - 0x00007ffee709b000 	C:\WINDOWS\System32\GDI32.dll
0x00007ffee6770000 - 0x00007ffee687b000 	C:\WINDOWS\System32\gdi32full.dll
0x00007ffee6960000 - 0x00007ffee69fd000 	C:\WINDOWS\System32\msvcp_win.dll
0x00007ffee83b0000 - 0x00007ffee83e0000 	C:\WINDOWS\System32\IMM32.DLL
0x00007ffee1250000 - 0x00007ffee125c000 	D:\dev\kosmo\01DevelopKits\eclipse-2021-06\plugins\org.eclipse.justj.openjdk.hotspot.jre.full.win32.x86_64_16.0.1.v20210528-1205\jre\bin\vcruntime140_1.dll
0x00007ffecf320000 - 0x00007ffecf3b1000 	D:\dev\kosmo\01DevelopKits\eclipse-2021-06\plugins\org.eclipse.justj.openjdk.hotspot.jre.full.win32.x86_64_16.0.1.v20210528-1205\jre\bin\msvcp140.dll
0x00007ffe75b00000 - 0x00007ffe766ab000 	D:\dev\kosmo\01DevelopKits\eclipse-2021-06\plugins\org.eclipse.justj.openjdk.hotspot.jre.full.win32.x86_64_16.0.1.v20210528-1205\jre\bin\server\jvm.dll
0x00007ffee8570000 - 0x00007ffee861c000 	C:\WINDOWS\System32\ADVAPI32.dll
0x00007ffee7a30000 - 0x00007ffee7acb000 	C:\WINDOWS\System32\sechost.dll
0x00007ffee6f40000 - 0x00007ffee706a000 	C:\WINDOWS\System32\RPCRT4.dll
0x00007ffee7ad0000 - 0x00007ffee7ad8000 	C:\WINDOWS\System32\PSAPI.DLL
0x00007ffecfd40000 - 0x00007ffecfd67000 	C:\WINDOWS\SYSTEM32\WINMM.dll
0x00007ffedcd20000 - 0x00007ffedcd2a000 	C:\WINDOWS\SYSTEM32\VERSION.dll
0x00007ffeca110000 - 0x00007ffeca119000 	C:\WINDOWS\SYSTEM32\WSOCK32.dll
0x00007ffee7c00000 - 0x00007ffee7c6b000 	C:\WINDOWS\System32\WS2_32.dll
0x00007ffee4bf0000 - 0x00007ffee4c02000 	C:\WINDOWS\SYSTEM32\kernel.appcore.dll
0x00007ffedf480000 - 0x00007ffedf48a000 	D:\dev\kosmo\01DevelopKits\eclipse-2021-06\plugins\org.eclipse.justj.openjdk.hotspot.jre.full.win32.x86_64_16.0.1.v20210528-1205\jre\bin\jimage.dll
0x00007ffee49b0000 - 0x00007ffee4b94000 	C:\WINDOWS\SYSTEM32\DBGHELP.DLL
0x00007ffed2880000 - 0x00007ffed28ac000 	C:\WINDOWS\SYSTEM32\dbgcore.DLL
0x00007ffee6a00000 - 0x00007ffee6a83000 	C:\WINDOWS\System32\bcryptPrimitives.dll
0x00007ffede620000 - 0x00007ffede65b000 	D:\dev\kosmo\01DevelopKits\eclipse-2021-06\plugins\org.eclipse.justj.openjdk.hotspot.jre.full.win32.x86_64_16.0.1.v20210528-1205\jre\bin\jdwp.dll
0x00007ffedf010000 - 0x00007ffedf01e000 	D:\dev\kosmo\01DevelopKits\eclipse-2021-06\plugins\org.eclipse.justj.openjdk.hotspot.jre.full.win32.x86_64_16.0.1.v20210528-1205\jre\bin\instrument.dll
0x00007ffecfcf0000 - 0x00007ffecfd15000 	D:\dev\kosmo\01DevelopKits\eclipse-2021-06\plugins\org.eclipse.justj.openjdk.hotspot.jre.full.win32.x86_64_16.0.1.v20210528-1205\jre\bin\java.dll
0x00007ffed65f0000 - 0x00007ffed6608000 	D:\dev\kosmo\01DevelopKits\eclipse-2021-06\plugins\org.eclipse.justj.openjdk.hotspot.jre.full.win32.x86_64_16.0.1.v20210528-1205\jre\bin\zip.dll
0x00007ffee7c70000 - 0x00007ffee83af000 	C:\WINDOWS\System32\SHELL32.dll
0x00007ffee4150000 - 0x00007ffee48e0000 	C:\WINDOWS\SYSTEM32\windows.storage.dll
0x00007ffee70a0000 - 0x00007ffee73f5000 	C:\WINDOWS\System32\combase.dll
0x00007ffee5dc0000 - 0x00007ffee5dec000 	C:\WINDOWS\SYSTEM32\Wldp.dll
0x00007ffee89b0000 - 0x00007ffee8a5d000 	C:\WINDOWS\System32\SHCORE.dll
0x00007ffee83f0000 - 0x00007ffee8445000 	C:\WINDOWS\System32\shlwapi.dll
0x00007ffee62b0000 - 0x00007ffee62cf000 	C:\WINDOWS\SYSTEM32\profapi.dll
0x00007ffedf000000 - 0x00007ffedf00c000 	D:\dev\kosmo\01DevelopKits\eclipse-2021-06\plugins\org.eclipse.justj.openjdk.hotspot.jre.full.win32.x86_64_16.0.1.v20210528-1205\jre\bin\dt_socket.dll
0x00007ffee57c0000 - 0x00007ffee57fb000 	C:\WINDOWS\SYSTEM32\IPHLPAPI.DLL
0x00007ffee5b20000 - 0x00007ffee5b8a000 	C:\WINDOWS\system32\mswsock.dll
0x00007ffee5800000 - 0x00007ffee58cc000 	C:\WINDOWS\SYSTEM32\DNSAPI.dll
0x00007ffee6ca0000 - 0x00007ffee6ca8000 	C:\WINDOWS\System32\NSI.dll
0x00007ffedcc40000 - 0x00007ffedcc4a000 	C:\Windows\System32\rasadhlp.dll
0x00007ffedaaa0000 - 0x00007ffedab1f000 	C:\WINDOWS\System32\fwpuclnt.dll
0x00007ffee6640000 - 0x00007ffee6667000 	C:\WINDOWS\System32\bcrypt.dll
0x00007ffecfb00000 - 0x00007ffecfb19000 	D:\dev\kosmo\01DevelopKits\eclipse-2021-06\plugins\org.eclipse.justj.openjdk.hotspot.jre.full.win32.x86_64_16.0.1.v20210528-1205\jre\bin\net.dll
0x00007ffee0620000 - 0x00007ffee0728000 	C:\WINDOWS\SYSTEM32\WINHTTP.dll
0x00007ffeceeb0000 - 0x00007ffeceec3000 	D:\dev\kosmo\01DevelopKits\eclipse-2021-06\plugins\org.eclipse.justj.openjdk.hotspot.jre.full.win32.x86_64_16.0.1.v20210528-1205\jre\bin\nio.dll
0x00007ffedf3e0000 - 0x00007ffedf3f0000 	D:\dev\kosmo\01DevelopKits\eclipse-2021-06\plugins\org.eclipse.justj.openjdk.hotspot.jre.full.win32.x86_64_16.0.1.v20210528-1205\jre\bin\verify.dll

dbghelp: loaded successfully - version: 4.0.5 - missing functions: none
symbol engine: initialized successfully - sym options: 0x614 - pdb path: .;D:\dev\kosmo\01DevelopKits\eclipse-2021-06\plugins\org.eclipse.justj.openjdk.hotspot.jre.full.win32.x86_64_16.0.1.v20210528-1205\jre\bin;C:\WINDOWS\SYSTEM32;C:\WINDOWS\WinSxS\amd64_microsoft.windows.common-controls_6595b64144ccf1df_6.0.19041.1110_none_60b5254171f9507e;D:\dev\kosmo\01DevelopKits\eclipse-2021-06\plugins\org.eclipse.justj.openjdk.hotspot.jre.full.win32.x86_64_16.0.1.v20210528-1205\jre\bin\server

VM Arguments:
jvm_args: -XX:+ShowCodeDetailsInExceptionMessages -agentlib:jdwp=transport=dt_socket,suspend=y,address=localhost:13860 -javaagent:D:\dev\kosmo\01DevelopKits\eclipse-2021-06\configuration\org.eclipse.osgi\415\0\.cp\lib\javaagent-shaded.jar -Dfile.encoding=UTF-8 
java_command: project1.PhoneBookVer06
java_class_path (initial): D:\dev\kosmo\02WorkspaceKSB\Project01Phonebook\bin
Launcher Type: SUN_STANDARD

[Global flags]
     intx CICompilerCount                          = 4                                         {product} {ergonomic}
     uint ConcGCThreads                            = 2                                         {product} {ergonomic}
     uint G1ConcRefinementThreads                  = 8                                         {product} {ergonomic}
   size_t G1HeapRegionSize                         = 2097152                                   {product} {ergonomic}
    uintx GCDrainStackTargetSize                   = 64                                        {product} {ergonomic}
   size_t InitialHeapSize                          = 266338304                                 {product} {ergonomic}
   size_t MarkStackSize                            = 4194304                                   {product} {ergonomic}
   size_t MaxHeapSize                              = 4246732800                                {product} {ergonomic}
   size_t MaxNewSize                               = 2548039680                                {product} {ergonomic}
   size_t MinHeapDeltaBytes                        = 2097152                                   {product} {ergonomic}
   size_t MinHeapSize                              = 8388608                                   {product} {ergonomic}
    uintx NonNMethodCodeHeapSize                   = 5839372                                {pd product} {ergonomic}
    uintx NonProfiledCodeHeapSize                  = 122909434                              {pd product} {ergonomic}
    uintx ProfiledCodeHeapSize                     = 122909434                              {pd product} {ergonomic}
    uintx ReservedCodeCacheSize                    = 251658240                              {pd product} {ergonomic}
     bool SegmentedCodeCache                       = true                                      {product} {ergonomic}
     bool ShowCodeDetailsInExceptionMessages       = true                                   {manageable} {command line}
   size_t SoftMaxHeapSize                          = 4246732800                             {manageable} {ergonomic}
     bool UseCompressedClassPointers               = true                           {product lp64_product} {ergonomic}
     bool UseCompressedOops                        = true                           {product lp64_product} {ergonomic}
     bool UseG1GC                                  = true                                      {product} {ergonomic}
     bool UseLargePagesIndividualAllocation        = false                                  {pd product} {ergonomic}

Logging:
Log output configuration:
 #0: stdout all=warning uptime,level,tags
 #1: stderr all=off uptime,level,tags

Environment Variables:
JAVA_HOME=D:\01DevelopKits\jdk-11
PATH=D:\dev\kosmo\01DevelopKits\eclipse-2021-06\plugins\org.eclipse.justj.openjdk.hotspot.jre.full.win32.x86_64_16.0.1.v20210528-1205\jre\bin;D:/dev/kosmo/01DevelopKits/eclipse-2021-06//plugins/org.eclipse.justj.openjdk.hotspot.jre.full.win32.x86_64_16.0.1.v20210528-1205/jre/bin/server;D:/dev/kosmo/01DevelopKits/eclipse-2021-06//plugins/org.eclipse.justj.openjdk.hotspot.jre.full.win32.x86_64_16.0.1.v20210528-1205/jre/bin;C:\01DevelopKits\oraclexe\app\oracle\product\11.2.0\server\bin;C:\WINDOWS\system32;C:\WINDOWS;C:\WINDOWS\System32\Wbem;C:\WINDOWS\System32\WindowsPowerShell\v1.0\;C:\WINDOWS\System32\OpenSSH\;C:\Program Files\nodejs\;D:\01DevelopKits\jdk-11\bin;C:\Program Files\Git\cmd;C:\Users\yobad\AppData\Local\Microsoft\WindowsApps;C:\Program Files\Bandizip\;C:\Users\yobad\AppData\Local\Programs\Microsoft VS Code\bin;D:\dev\kosmo\01DevelopKits\eclipse-2021-06;
USERNAME=yobad
OS=Windows_NT
PROCESSOR_IDENTIFIER=Intel64 Family 6 Model 142 Stepping 12, GenuineIntel



---------------  S Y S T E M  ---------------

OS:
 Windows 10 , 64 bit Build 19041 (10.0.19041.1202)
OS uptime: 4 days 7:45 hours

CPU: total 8 (initial active 8) (4 cores per cpu, 2 threads per core) family 6 model 142 stepping 12 microcode 0xca, cx8, cmov, fxsr, ht, mmx, 3dnowpref, sse, sse2, sse3, ssse3, sse4.1, sse4.2, popcnt, lzcnt, tsc, tscinvbit, avx, avx2, aes, erms, clmul, bmi1, bmi2, adx, fma, vzeroupper, clflush, clflushopt

Memory: 4k page, system-wide physical 16193M (8109M free)
TotalPageFile size 31319M (AvailPageFile size 4057M)
current process WorkingSet (physical memory assigned to process): 49M, peak: 50M
current process commit charge ("private bytes"): 342M, peak: 344M

vm_info: OpenJDK 64-Bit Server VM (16.0.1+9-24) for windows-amd64 JRE (16.0.1+9-24), built on Mar 26 2021 19:30:07 by "mach5one" with MS VC++ 16.7 (VS2019)

END.
